<?xml version="1.0" encoding="UTF-8"?>
<robot generator="Robot 4.1.2 (Python 3.8.10 on linux)" generated="20211206 19:20:32.451" rpa="false" schemaversion="2">
<suite id="s1" name="TestSitePractice" source="/home/logcomex/Documentos/robotframework/robotavancado/TestSitePractice.robot">
<test id="s1-t1" name="Caso de Teste com PO 01: Remover Produtos do Carrinho">
<kw name="Abrir navegador" library="Resource" type="SETUP">
<kw name="Open Browser" library="SeleniumLibrary">
<arg>about:blank</arg>
<arg>${BROWSER}</arg>
<arg>options=${OPTIONS}</arg>
<doc>Opens a new browser instance to the optional ``url``.</doc>
<msg timestamp="20211206 19:20:32.552" level="INFO">Opening browser 'headlesschrome' to base url 'about:blank'.</msg>
<status status="PASS" starttime="20211206 19:20:32.552" endtime="20211206 19:20:33.698"/>
</kw>
<kw name="Maximize Browser Window" library="SeleniumLibrary">
<doc>Maximizes current browser window.</doc>
<status status="PASS" starttime="20211206 19:20:33.698" endtime="20211206 19:20:33.803"/>
</kw>
<status status="PASS" starttime="20211206 19:20:32.552" endtime="20211206 19:20:33.803"/>
</kw>
<kw name="Acessar a página home do site" library="Home">
<kw name="Go To" library="SeleniumLibrary">
<arg>${HOME_URL}</arg>
<doc>Navigates the current browser window to the provided ``url``.</doc>
<msg timestamp="20211206 19:20:33.805" level="INFO">Opening url 'http://automationpractice.com'</msg>
<status status="PASS" starttime="20211206 19:20:33.804" endtime="20211206 19:20:39.308"/>
</kw>
<kw name="Wait Until Element Is Visible" library="SeleniumLibrary">
<arg>${HOME_TOPMENU}</arg>
<doc>Waits until the element ``locator`` is visible.</doc>
<status status="PASS" starttime="20211206 19:20:39.308" endtime="20211206 19:20:39.322"/>
</kw>
<kw name="Title Should Be" library="SeleniumLibrary">
<arg>${HOME_TITLE}</arg>
<doc>Verifies that the current page title equals ``title``.</doc>
<msg timestamp="20211206 19:20:39.325" level="INFO">Page title is 'My Store'.</msg>
<status status="PASS" starttime="20211206 19:20:39.322" endtime="20211206 19:20:39.325"/>
</kw>
<status status="PASS" starttime="20211206 19:20:33.804" endtime="20211206 19:20:39.325"/>
</kw>
<kw name="Adicionar o produto &quot;t-shirt&quot; no carrinho" library="Home" sourcename="Adicionar o produto &quot;${PRODUTO}&quot; no carrinho">
<kw name="Digitar o nome do produto &quot;${PRODUTO}&quot; no campo de pesquisa" library="Home" sourcename="Digitar o nome do produto &quot;${PRODUTO}&quot; no campo de pesquisa">
<kw name="Input Text" library="SeleniumLibrary">
<arg>${HOME_FIELD_PESQUISAR}</arg>
<arg>${PRODUTO}</arg>
<doc>Types the given ``text`` into the text field identified by ``locator``.</doc>
<msg timestamp="20211206 19:20:39.326" level="INFO">Typing text 't-shirt' into text field 'name=search_query'.</msg>
<status status="PASS" starttime="20211206 19:20:39.325" endtime="20211206 19:20:39.372"/>
</kw>
<status status="PASS" starttime="20211206 19:20:39.325" endtime="20211206 19:20:39.372"/>
</kw>
<kw name="Clicar no botão pesquisar" library="Home">
<kw name="Click Element" library="SeleniumLibrary">
<arg>${HOME_BTN_PESQUISAR}</arg>
<doc>Click the element identified by ``locator``.</doc>
<msg timestamp="20211206 19:20:39.373" level="INFO">Clicking element 'name=submit_search'.</msg>
<status status="PASS" starttime="20211206 19:20:39.372" endtime="20211206 19:20:39.398"/>
</kw>
<status status="PASS" starttime="20211206 19:20:39.372" endtime="20211206 19:20:39.398"/>
</kw>
<kw name="Clicar no botão &quot;Add to Cart&quot; do produto" library="Home">
<kw name="Wait Until Element Is Visible" library="SeleniumLibrary">
<arg>${HOME_PRODUCT}</arg>
<doc>Waits until the element ``locator`` is visible.</doc>
<status status="PASS" starttime="20211206 19:20:39.399" endtime="20211206 19:20:41.454"/>
</kw>
<kw name="Click Element" library="SeleniumLibrary">
<arg>${HOME_PRODUCT}</arg>
<doc>Click the element identified by ``locator``.</doc>
<msg timestamp="20211206 19:20:41.455" level="INFO">Clicking element 'xpath=//*[@id="center_column"]//img[@alt="Faded Short Sleeve T-shirts"]'.</msg>
<status status="PASS" starttime="20211206 19:20:41.455" endtime="20211206 19:20:43.985"/>
</kw>
<kw name="Wait Until Element Is Visible" library="SeleniumLibrary">
<arg>${HOME_BTN_ADDCART}</arg>
<doc>Waits until the element ``locator`` is visible.</doc>
<status status="PASS" starttime="20211206 19:20:43.985" endtime="20211206 19:20:44.852"/>
</kw>
<kw name="Click Button" library="SeleniumLibrary">
<arg>${HOME_BTN_ADDCART}</arg>
<doc>Clicks the button identified by ``locator``.</doc>
<msg timestamp="20211206 19:20:44.852" level="INFO">Clicking button 'xpath=//*[@id="add_to_cart"]/button'.</msg>
<status status="PASS" starttime="20211206 19:20:44.852" endtime="20211206 19:20:44.884"/>
</kw>
<status status="PASS" starttime="20211206 19:20:39.399" endtime="20211206 19:20:44.884"/>
</kw>
<kw name="Clicar no botão &quot;Proceed to checkout&quot;" library="Home">
<kw name="Wait Until Element Is Visible" library="SeleniumLibrary">
<arg>${HOME_BTN_CHECKOUT}</arg>
<doc>Waits until the element ``locator`` is visible.</doc>
<status status="PASS" starttime="20211206 19:20:44.884" endtime="20211206 19:20:46.022"/>
</kw>
<kw name="Click Element" library="SeleniumLibrary">
<arg>${HOME_BTN_CHECKOUT}</arg>
<doc>Click the element identified by ``locator``.</doc>
<msg timestamp="20211206 19:20:46.023" level="INFO">Clicking element 'xpath=//*[@id="layer_cart"]//a[@title="Proceed to checkout"]'.</msg>
<status status="PASS" starttime="20211206 19:20:46.022" endtime="20211206 19:20:47.598"/>
</kw>
<status status="PASS" starttime="20211206 19:20:44.884" endtime="20211206 19:20:47.598"/>
</kw>
<status status="PASS" starttime="20211206 19:20:39.325" endtime="20211206 19:20:47.598"/>
</kw>
<kw name="Excluir o produto do carrinho" library="Carrinho">
<kw name="Title Should Be" library="SeleniumLibrary">
<arg>${CARRINHO_TITLE}</arg>
<doc>Verifies that the current page title equals ``title``.</doc>
<msg timestamp="20211206 19:20:47.601" level="INFO">Page title is 'Order - My Store'.</msg>
<status status="PASS" starttime="20211206 19:20:47.599" endtime="20211206 19:20:47.601"/>
</kw>
<kw name="Wait Until Element Is Visible" library="SeleniumLibrary">
<arg>${CARRINHO_DELETAR}</arg>
<doc>Waits until the element ``locator`` is visible.</doc>
<status status="PASS" starttime="20211206 19:20:47.601" endtime="20211206 19:20:47.612"/>
</kw>
<kw name="Click Element" library="SeleniumLibrary">
<arg>${CARRINHO_DELETAR}</arg>
<doc>Click the element identified by ``locator``.</doc>
<msg timestamp="20211206 19:20:47.612" level="INFO">Clicking element 'xpath=//*[@class="cart_quantity_delete"]'.</msg>
<status status="PASS" starttime="20211206 19:20:47.612" endtime="20211206 19:20:47.638"/>
</kw>
<status status="PASS" starttime="20211206 19:20:47.598" endtime="20211206 19:20:47.638"/>
</kw>
<kw name="Conferir se o carrinho fica vazio" library="Carrinho">
<kw name="Wait Until Element Is Visible" library="SeleniumLibrary">
<arg>${CARRINHO_MSG}</arg>
<doc>Waits until the element ``locator`` is visible.</doc>
<status status="PASS" starttime="20211206 19:20:47.638" endtime="20211206 19:20:50.719"/>
</kw>
<kw name="Element Text Should Be" library="SeleniumLibrary">
<arg>${CARRINHO_MSG}</arg>
<arg>Your shopping cart is empty.</arg>
<doc>Verifies that element ``locator`` contains exact the text ``expected``.</doc>
<msg timestamp="20211206 19:20:50.720" level="INFO">Verifying element 'xpath=//*[@id="center_column"]/p[@class='alert alert-warning']' contains exact text 'Your shopping cart is empty.'.</msg>
<status status="PASS" starttime="20211206 19:20:50.720" endtime="20211206 19:20:50.730"/>
</kw>
<kw name="Capture Page Screenshot" library="SeleniumLibrary">
<doc>Takes a screenshot of the current page and embeds it into a log file.</doc>
<msg timestamp="20211206 19:20:50.804" level="INFO" html="true">&lt;/td&gt;&lt;/tr&gt;&lt;tr&gt;&lt;td colspan="3"&gt;&lt;a href="selenium-screenshot-1.png"&gt;&lt;img src="selenium-screenshot-1.png" width="800px"&gt;&lt;/a&gt;</msg>
<status status="PASS" starttime="20211206 19:20:50.730" endtime="20211206 19:20:50.804"/>
</kw>
<status status="PASS" starttime="20211206 19:20:47.638" endtime="20211206 19:20:50.804"/>
</kw>
<kw name="Fechar navegador" library="Resource" type="TEARDOWN">
<kw name="Close Browser" library="SeleniumLibrary">
<doc>Closes the current browser.</doc>
<status status="PASS" starttime="20211206 19:20:50.804" endtime="20211206 19:20:50.868"/>
</kw>
<status status="PASS" starttime="20211206 19:20:50.804" endtime="20211206 19:20:50.868"/>
</kw>
<status status="PASS" starttime="20211206 19:20:32.551" endtime="20211206 19:20:50.868"/>
</test>
<status status="PASS" starttime="20211206 19:20:32.451" endtime="20211206 19:20:50.869"/>
</suite>
<statistics>
<total>
<stat pass="1" fail="0" skip="0">All Tests</stat>
</total>
<tag>
</tag>
<suite>
<stat pass="1" fail="0" skip="0" id="s1" name="TestSitePractice">TestSitePractice</stat>
</suite>
</statistics>
<errors>
</errors>
</robot>
